<?xml version="1.0" encoding="UTF-8"?>
<testsuite xmlns:xsi="http://www.w3.org/2001/XMLSchema-instance" xsi:noNamespaceSchemaLocation="https://maven.apache.org/surefire/maven-surefire-plugin/xsd/surefire-test-report-3.0.xsd" version="3.0" name="com.tasktracker.userservice.Controller.UserControllerImplTest" time="10.8" tests="23" errors="0" skipped="0" failures="0">
  <properties>
[...]
</properties>
  <testcase name="testGetAllUsersSuccess" classname="com.tasktracker.userservice.Controller.UserControllerImplTest" time="0.064">
    <system-out><![CDATA[
  .   ____          _            __ _ _
 /\\ / ___'_ __ _ _(_)_ __  __ _ \ \ \ \
( ( )\___ | '_ | '_| | '_ \/ _` | \ \ \ \
 \\/  ___)| |_)| | | | | || (_| |  ) ) ) )
  '  |____| .__|_| |_|_| |_\__, | / / / /
 =========|_|==============|___/=/_/_/_/
 :: Spring Boot ::                (v3.2.4)

2024-05-31T15:44:33.443+05:30  INFO 13852 --- [UserService] [           main] c.t.u.Controller.UserControllerImplTest  : Starting UserControllerImplTest using Java 17.0.10 with PID 13852 (started by User in D:\MIc Todo Final Project\UserService)
2024-05-31T15:44:33.443+05:30  INFO 13852 --- [UserService] [           main] c.t.u.Controller.UserControllerImplTest  : No active profile set, falling back to 1 default profile: "default"
2024-05-31T15:44:34.960+05:30  INFO 13852 --- [UserService] [           main] .s.d.r.c.RepositoryConfigurationDelegate : Bootstrapping Spring Data JPA repositories in DEFAULT mode.
2024-05-31T15:44:35.257+05:30  INFO 13852 --- [UserService] [           main] .s.d.r.c.RepositoryConfigurationDelegate : Finished Spring Data repository scanning in 282 ms. Found 1 JPA repository interface.
2024-05-31T15:44:35.589+05:30  INFO 13852 --- [UserService] [           main] o.s.cloud.context.scope.GenericScope     : BeanFactory id=58fa5780-e215-34c0-a593-0ac623a64ee2
2024-05-31T15:44:35.831+05:30  WARN 13852 --- [UserService] [           main] trationDelegate$BeanPostProcessorChecker : Bean 'org.springframework.cloud.client.loadbalancer.LoadBalancerAutoConfiguration$DeferringLoadBalancerInterceptorConfig' of type [org.springframework.cloud.client.loadbalancer.LoadBalancerAutoConfiguration$DeferringLoadBalancerInterceptorConfig] is not eligible for getting processed by all BeanPostProcessors (for example: not eligible for auto-proxying). The currently created BeanPostProcessor [lbRestClientPostProcessor] is declared through a non-static factory method on that class; consider declaring it as static instead.
2024-05-31T15:44:35.835+05:30  WARN 13852 --- [UserService] [           main] trationDelegate$BeanPostProcessorChecker : Bean 'deferringLoadBalancerInterceptor' of type [org.springframework.cloud.client.loadbalancer.DeferringLoadBalancerInterceptor] is not eligible for getting processed by all BeanPostProcessors (for example: not eligible for auto-proxying). Is this bean getting eagerly injected into a currently created BeanPostProcessor [lbRestClientPostProcessor]? Check the corresponding BeanPostProcessor declaration and its dependencies.
2024-05-31T15:44:36.258+05:30  INFO 13852 --- [UserService] [           main] o.s.b.w.embedded.tomcat.TomcatWebServer  : Tomcat initialized with port 0 (http)
2024-05-31T15:44:36.283+05:30  INFO 13852 --- [UserService] [           main] o.apache.catalina.core.StandardService   : Starting service [Tomcat]
2024-05-31T15:44:36.283+05:30  INFO 13852 --- [UserService] [           main] o.apache.catalina.core.StandardEngine    : Starting Servlet engine: [Apache Tomcat/10.1.19]
2024-05-31T15:44:36.445+05:30  INFO 13852 --- [UserService] [           main] o.a.c.c.C.[Tomcat].[localhost].[/]       : Initializing Spring embedded WebApplicationContext
2024-05-31T15:44:36.448+05:30  INFO 13852 --- [UserService] [           main] w.s.c.ServletWebServerApplicationContext : Root WebApplicationContext: initialization completed in 2983 ms
2024-05-31T15:44:36.722+05:30  INFO 13852 --- [UserService] [           main] o.hibernate.jpa.internal.util.LogHelper  : HHH000204: Processing PersistenceUnitInfo [name: default]
2024-05-31T15:44:36.851+05:30  INFO 13852 --- [UserService] [           main] org.hibernate.Version                    : HHH000412: Hibernate ORM core version 6.4.4.Final
2024-05-31T15:44:36.937+05:30  INFO 13852 --- [UserService] [           main] o.h.c.internal.RegionFactoryInitiator    : HHH000026: Second-level cache disabled
2024-05-31T15:44:37.172+05:30  INFO 13852 --- [UserService] [           main] o.s.o.j.p.SpringPersistenceUnitInfo      : No LoadTimeWeaver setup: ignoring JPA class transformer
2024-05-31T15:44:37.224+05:30  INFO 13852 --- [UserService] [           main] com.zaxxer.hikari.HikariDataSource       : HikariPool-1 - Starting...
2024-05-31T15:44:37.777+05:30  INFO 13852 --- [UserService] [           main] com.zaxxer.hikari.pool.HikariPool        : HikariPool-1 - Added connection com.mysql.cj.jdbc.ConnectionImpl@5f233f9
2024-05-31T15:44:37.780+05:30  INFO 13852 --- [UserService] [           main] com.zaxxer.hikari.HikariDataSource       : HikariPool-1 - Start completed.
2024-05-31T15:44:39.189+05:30  INFO 13852 --- [UserService] [           main] o.h.e.t.j.p.i.JtaPlatformInitiator       : HHH000489: No JTA platform available (set 'hibernate.transaction.jta.platform' to enable JTA platform integration)
2024-05-31T15:44:39.245+05:30  INFO 13852 --- [UserService] [           main] j.LocalContainerEntityManagerFactoryBean : Initialized JPA EntityManagerFactory for persistence unit 'default'
2024-05-31T15:44:40.042+05:30  WARN 13852 --- [UserService] [           main] JpaBaseConfiguration$JpaWebConfiguration : spring.jpa.open-in-view is enabled by default. Therefore, database queries may be performed during view rendering. Explicitly configure spring.jpa.open-in-view to disable this warning
2024-05-31T15:44:41.420+05:30  INFO 13852 --- [UserService] [           main] DiscoveryClientOptionalArgsConfiguration : Eureka HTTP Client uses RestTemplate.
2024-05-31T15:44:41.483+05:30  WARN 13852 --- [UserService] [           main] iguration$LoadBalancerCaffeineWarnLogger : Spring Cloud LoadBalancer is currently working with the default cache. While this cache implementation is useful for development and tests, it's recommended to use Caffeine cache in production.You can switch to using Caffeine cache, by adding it and org.springframework.cache.caffeine.CaffeineCacheManager to the classpath.
2024-05-31T15:44:41.807+05:30  INFO 13852 --- [UserService] [           main] o.s.b.w.embedded.tomcat.TomcatWebServer  : Tomcat started on port 55698 (http) with context path ''
2024-05-31T15:44:41.809+05:30  INFO 13852 --- [UserService] [           main] .s.c.n.e.s.EurekaAutoServiceRegistration : Updating port to 55698
2024-05-31T15:44:41.816+05:30  INFO 13852 --- [UserService] [           main] o.s.c.n.eureka.InstanceInfoFactory       : Setting initial instance status as: STARTING
2024-05-31T15:44:41.962+05:30  INFO 13852 --- [UserService] [           main] com.netflix.discovery.DiscoveryClient    : Initializing Eureka in region us-east-1
2024-05-31T15:44:41.971+05:30  INFO 13852 --- [UserService] [           main] c.n.d.s.r.aws.ConfigClusterResolver      : Resolving eureka endpoints via configuration
2024-05-31T15:44:42.084+05:30  INFO 13852 --- [UserService] [           main] com.netflix.discovery.DiscoveryClient    : Disable delta property : false
2024-05-31T15:44:42.084+05:30  INFO 13852 --- [UserService] [           main] com.netflix.discovery.DiscoveryClient    : Single vip registry refresh property : null
2024-05-31T15:44:42.084+05:30  INFO 13852 --- [UserService] [           main] com.netflix.discovery.DiscoveryClient    : Force full registry fetch : false
2024-05-31T15:44:42.084+05:30  INFO 13852 --- [UserService] [           main] com.netflix.discovery.DiscoveryClient    : Application is null : false
2024-05-31T15:44:42.084+05:30  INFO 13852 --- [UserService] [           main] com.netflix.discovery.DiscoveryClient    : Registered Applications size is zero : true
2024-05-31T15:44:42.084+05:30  INFO 13852 --- [UserService] [           main] com.netflix.discovery.DiscoveryClient    : Application version is -1: true
2024-05-31T15:44:42.084+05:30  INFO 13852 --- [UserService] [           main] com.netflix.discovery.DiscoveryClient    : Getting all instance registry info from the eureka server
2024-05-31T15:44:42.455+05:30  INFO 13852 --- [UserService] [           main] com.netflix.discovery.DiscoveryClient    : The response status is 200
2024-05-31T15:44:42.463+05:30  INFO 13852 --- [UserService] [           main] com.netflix.discovery.DiscoveryClient    : Starting heartbeat executor: renew interval is: 30
2024-05-31T15:44:42.468+05:30  INFO 13852 --- [UserService] [           main] c.n.discovery.InstanceInfoReplicator     : InstanceInfoReplicator onDemand update allowed rate per min is 4
2024-05-31T15:44:42.478+05:30  INFO 13852 --- [UserService] [           main] com.netflix.discovery.DiscoveryClient    : Discovery Client initialized at timestamp 1717150482477 with initial instances count: 2
2024-05-31T15:44:42.483+05:30  INFO 13852 --- [UserService] [           main] o.s.c.n.e.s.EurekaServiceRegistry        : Registering application USERSERVICE with eureka with status UP
2024-05-31T15:44:42.484+05:30  INFO 13852 --- [UserService] [           main] com.netflix.discovery.DiscoveryClient    : Saw local status change event StatusChangeEvent [timestamp=1717150482484, current=UP, previous=STARTING]
2024-05-31T15:44:42.622+05:30  INFO 13852 --- [UserService] [nfoReplicator-0] com.netflix.discovery.DiscoveryClient    : DiscoveryClient_USERSERVICE/DESKTOP-PR52HUP:UserService:0: registering service...
2024-05-31T15:44:42.683+05:30  INFO 13852 --- [UserService] [nfoReplicator-0] com.netflix.discovery.DiscoveryClient    : DiscoveryClient_USERSERVICE/DESKTOP-PR52HUP:UserService:0 - registration status: 204
2024-05-31T15:44:42.834+05:30  INFO 13852 --- [UserService] [           main] c.t.u.Controller.UserControllerImplTest  : Started UserControllerImplTest in 9.713 seconds (process running for 14.934)
]]></system-out>
  </testcase>
  <testcase name="testUpdateUserNotFound" classname="com.tasktracker.userservice.Controller.UserControllerImplTest" time="0.008"/>
  <testcase name="testGetAllUsersException" classname="com.tasktracker.userservice.Controller.UserControllerImplTest" time="0.01"/>
  <testcase name="testUpdateUser_Success" classname="com.tasktracker.userservice.Controller.UserControllerImplTest" time="0.017"/>
  <testcase name="testUpdateUserSuccess" classname="com.tasktracker.userservice.Controller.UserControllerImplTest" time="0.012"/>
  <testcase name="testCreateUserException" classname="com.tasktracker.userservice.Controller.UserControllerImplTest" time="0.007"/>
  <testcase name="testUpdateUser_NotFound" classname="com.tasktracker.userservice.Controller.UserControllerImplTest" time="0.015"/>
  <testcase name="testDeleteUserSuccess" classname="com.tasktracker.userservice.Controller.UserControllerImplTest" time="0.014">
    <system-out><![CDATA[2024-05-31T15:44:43.059+05:30  INFO 13852 --- [UserService] [           main] c.t.u.Controller.UserControllerImpl      : Deleting User with id: 1
]]></system-out>
  </testcase>
  <testcase name="testVerifyOtpSuccess" classname="com.tasktracker.userservice.Controller.UserControllerImplTest" time="0.017">
    <system-out><![CDATA[2024-05-31T15:44:43.079+05:30  INFO 13852 --- [UserService] [           main] c.t.u.Controller.UserControllerImpl      : usercontroller : verifyotp eamail : test@example.com otp : 123456 
]]></system-out>
  </testcase>
  <testcase name="testGetUserByIdException" classname="com.tasktracker.userservice.Controller.UserControllerImplTest" time="0.009"/>
  <testcase name="testSendEmailException" classname="com.tasktracker.userservice.Controller.UserControllerImplTest" time="0.015">
    <system-out><![CDATA[2024-05-31T15:44:43.119+05:30  INFO 13852 --- [UserService] [           main] c.t.u.Controller.UserControllerImpl      : usercontroller : sendEmail test@example.com
2024-05-31T15:44:43.120+05:30 ERROR 13852 --- [UserService] [           main] c.t.u.Controller.UserControllerImpl      : usercontroller : sendEmail {}

java.lang.RuntimeException: null
	at com.tasktracker.userservice.Controller.UserControllerImpl.sendEmail(UserControllerImpl.java:151) ~[classes/:na]
	at com.tasktracker.userservice.Controller.UserControllerImplTest.testSendEmailException(UserControllerImplTest.java:405) ~[test-classes/:na]
	at java.base/jdk.internal.reflect.NativeMethodAccessorImpl.invoke0(Native Method) ~[na:na]
	at java.base/jdk.internal.reflect.NativeMethodAccessorImpl.invoke(NativeMethodAccessorImpl.java:77) ~[na:na]
	at java.base/jdk.internal.reflect.DelegatingMethodAccessorImpl.invoke(DelegatingMethodAccessorImpl.java:43) ~[na:na]
	at java.base/java.lang.reflect.Method.invoke(Method.java:568) ~[na:na]
	at org.junit.platform.commons.util.ReflectionUtils.invokeMethod(ReflectionUtils.java:728) ~[junit-platform-commons-1.10.2.jar:1.10.2]
	at org.junit.jupiter.engine.execution.MethodInvocation.proceed(MethodInvocation.java:60) ~[junit-jupiter-engine-5.10.2.jar:5.10.2]
	at org.junit.jupiter.engine.execution.InvocationInterceptorChain$ValidatingInvocation.proceed(InvocationInterceptorChain.java:131) ~[junit-jupiter-engine-5.10.2.jar:5.10.2]
	at org.junit.jupiter.engine.extension.TimeoutExtension.intercept(TimeoutExtension.java:156) ~[junit-jupiter-engine-5.10.2.jar:5.10.2]
	at org.junit.jupiter.engine.extension.TimeoutExtension.interceptTestableMethod(TimeoutExtension.java:147) ~[junit-jupiter-engine-5.10.2.jar:5.10.2]
	at org.junit.jupiter.engine.extension.TimeoutExtension.interceptTestMethod(TimeoutExtension.java:86) ~[junit-jupiter-engine-5.10.2.jar:5.10.2]
	at org.junit.jupiter.engine.execution.InterceptingExecutableInvoker$ReflectiveInterceptorCall.lambda$ofVoidMethod$0(InterceptingExecutableInvoker.java:103) ~[junit-jupiter-engine-5.10.2.jar:5.10.2]
	at org.junit.jupiter.engine.execution.InterceptingExecutableInvoker.lambda$invoke$0(InterceptingExecutableInvoker.java:93) ~[junit-jupiter-engine-5.10.2.jar:5.10.2]
	at org.junit.jupiter.engine.execution.InvocationInterceptorChain$InterceptedInvocation.proceed(InvocationInterceptorChain.java:106) ~[junit-jupiter-engine-5.10.2.jar:5.10.2]
	at org.junit.jupiter.engine.execution.InvocationInterceptorChain.proceed(InvocationInterceptorChain.java:64) ~[junit-jupiter-engine-5.10.2.jar:5.10.2]
	at org.junit.jupiter.engine.execution.InvocationInterceptorChain.chainAndInvoke(InvocationInterceptorChain.java:45) ~[junit-jupiter-engine-5.10.2.jar:5.10.2]
	at org.junit.jupiter.engine.execution.InvocationInterceptorChain.invoke(InvocationInterceptorChain.java:37) ~[junit-jupiter-engine-5.10.2.jar:5.10.2]
	at org.junit.jupiter.engine.execution.InterceptingExecutableInvoker.invoke(InterceptingExecutableInvoker.java:92) ~[junit-jupiter-engine-5.10.2.jar:5.10.2]
	at org.junit.jupiter.engine.execution.InterceptingExecutableInvoker.invoke(InterceptingExecutableInvoker.java:86) ~[junit-jupiter-engine-5.10.2.jar:5.10.2]
	at org.junit.jupiter.engine.descriptor.TestMethodTestDescriptor.lambda$invokeTestMethod$7(TestMethodTestDescriptor.java:218) ~[junit-jupiter-engine-5.10.2.jar:5.10.2]
	at org.junit.platform.engine.support.hierarchical.ThrowableCollector.execute(ThrowableCollector.java:73) ~[junit-platform-engine-1.10.2.jar:1.10.2]
	at org.junit.jupiter.engine.descriptor.TestMethodTestDescriptor.invokeTestMethod(TestMethodTestDescriptor.java:214) ~[junit-jupiter-engine-5.10.2.jar:5.10.2]
	at org.junit.jupiter.engine.descriptor.TestMethodTestDescriptor.execute(TestMethodTestDescriptor.java:139) ~[junit-jupiter-engine-5.10.2.jar:5.10.2]
	at org.junit.jupiter.engine.descriptor.TestMethodTestDescriptor.execute(TestMethodTestDescriptor.java:69) ~[junit-jupiter-engine-5.10.2.jar:5.10.2]
	at org.junit.platform.engine.support.hierarchical.NodeTestTask.lambda$executeRecursively$6(NodeTestTask.java:151) ~[junit-platform-engine-1.10.2.jar:1.10.2]
	at org.junit.platform.engine.support.hierarchical.ThrowableCollector.execute(ThrowableCollector.java:73) ~[junit-platform-engine-1.10.2.jar:1.10.2]
	at org.junit.platform.engine.support.hierarchical.NodeTestTask.lambda$executeRecursively$8(NodeTestTask.java:141) ~[junit-platform-engine-1.10.2.jar:1.10.2]
	at org.junit.platform.engine.support.hierarchical.Node.around(Node.java:137) ~[junit-platform-engine-1.10.2.jar:1.10.2]
	at org.junit.platform.engine.support.hierarchical.NodeTestTask.lambda$executeRecursively$9(NodeTestTask.java:139) ~[junit-platform-engine-1.10.2.jar:1.10.2]
	at org.junit.platform.engine.support.hierarchical.ThrowableCollector.execute(ThrowableCollector.java:73) ~[junit-platform-engine-1.10.2.jar:1.10.2]
	at org.junit.platform.engine.support.hierarchical.NodeTestTask.executeRecursively(NodeTestTask.java:138) ~[junit-platform-engine-1.10.2.jar:1.10.2]
	at org.junit.platform.engine.support.hierarchical.NodeTestTask.execute(NodeTestTask.java:95) ~[junit-platform-engine-1.10.2.jar:1.10.2]
	at java.base/java.util.ArrayList.forEach(ArrayList.java:1511) ~[na:na]
	at org.junit.platform.engine.support.hierarchical.SameThreadHierarchicalTestExecutorService.invokeAll(SameThreadHierarchicalTestExecutorService.java:41) ~[junit-platform-engine-1.10.2.jar:1.10.2]
	at org.junit.platform.engine.support.hierarchical.NodeTestTask.lambda$executeRecursively$6(NodeTestTask.java:155) ~[junit-platform-engine-1.10.2.jar:1.10.2]
	at org.junit.platform.engine.support.hierarchical.ThrowableCollector.execute(ThrowableCollector.java:73) ~[junit-platform-engine-1.10.2.jar:1.10.2]
	at org.junit.platform.engine.support.hierarchical.NodeTestTask.lambda$executeRecursively$8(NodeTestTask.java:141) ~[junit-platform-engine-1.10.2.jar:1.10.2]
	at org.junit.platform.engine.support.hierarchical.Node.around(Node.java:137) ~[junit-platform-engine-1.10.2.jar:1.10.2]
	at org.junit.platform.engine.support.hierarchical.NodeTestTask.lambda$executeRecursively$9(NodeTestTask.java:139) ~[junit-platform-engine-1.10.2.jar:1.10.2]
	at org.junit.platform.engine.support.hierarchical.ThrowableCollector.execute(ThrowableCollector.java:73) ~[junit-platform-engine-1.10.2.jar:1.10.2]
	at org.junit.platform.engine.support.hierarchical.NodeTestTask.executeRecursively(NodeTestTask.java:138) ~[junit-platform-engine-1.10.2.jar:1.10.2]
	at org.junit.platform.engine.support.hierarchical.NodeTestTask.execute(NodeTestTask.java:95) ~[junit-platform-engine-1.10.2.jar:1.10.2]
	at java.base/java.util.ArrayList.forEach(ArrayList.java:1511) ~[na:na]
	at org.junit.platform.engine.support.hierarchical.SameThreadHierarchicalTestExecutorService.invokeAll(SameThreadHierarchicalTestExecutorService.java:41) ~[junit-platform-engine-1.10.2.jar:1.10.2]
	at org.junit.platform.engine.support.hierarchical.NodeTestTask.lambda$executeRecursively$6(NodeTestTask.java:155) ~[junit-platform-engine-1.10.2.jar:1.10.2]
	at org.junit.platform.engine.support.hierarchical.ThrowableCollector.execute(ThrowableCollector.java:73) ~[junit-platform-engine-1.10.2.jar:1.10.2]
	at org.junit.platform.engine.support.hierarchical.NodeTestTask.lambda$executeRecursively$8(NodeTestTask.java:141) ~[junit-platform-engine-1.10.2.jar:1.10.2]
	at org.junit.platform.engine.support.hierarchical.Node.around(Node.java:137) ~[junit-platform-engine-1.10.2.jar:1.10.2]
	at org.junit.platform.engine.support.hierarchical.NodeTestTask.lambda$executeRecursively$9(NodeTestTask.java:139) ~[junit-platform-engine-1.10.2.jar:1.10.2]
	at org.junit.platform.engine.support.hierarchical.ThrowableCollector.execute(ThrowableCollector.java:73) ~[junit-platform-engine-1.10.2.jar:1.10.2]
	at org.junit.platform.engine.support.hierarchical.NodeTestTask.executeRecursively(NodeTestTask.java:138) ~[junit-platform-engine-1.10.2.jar:1.10.2]
	at org.junit.platform.engine.support.hierarchical.NodeTestTask.execute(NodeTestTask.java:95) ~[junit-platform-engine-1.10.2.jar:1.10.2]
	at org.junit.platform.engine.support.hierarchical.SameThreadHierarchicalTestExecutorService.submit(SameThreadHierarchicalTestExecutorService.java:35) ~[junit-platform-engine-1.10.2.jar:1.10.2]
	at org.junit.platform.engine.support.hierarchical.HierarchicalTestExecutor.execute(HierarchicalTestExecutor.java:57) ~[junit-platform-engine-1.10.2.jar:1.10.2]
	at org.junit.platform.engine.support.hierarchical.HierarchicalTestEngine.execute(HierarchicalTestEngine.java:54) ~[junit-platform-engine-1.10.2.jar:1.10.2]
	at org.junit.platform.launcher.core.EngineExecutionOrchestrator.execute(EngineExecutionOrchestrator.java:198) ~[junit-platform-launcher-1.10.2.jar:1.10.2]
	at org.junit.platform.launcher.core.EngineExecutionOrchestrator.execute(EngineExecutionOrchestrator.java:169) ~[junit-platform-launcher-1.10.2.jar:1.10.2]
	at org.junit.platform.launcher.core.EngineExecutionOrchestrator.execute(EngineExecutionOrchestrator.java:93) ~[junit-platform-launcher-1.10.2.jar:1.10.2]
	at org.junit.platform.launcher.core.EngineExecutionOrchestrator.lambda$execute$0(EngineExecutionOrchestrator.java:58) ~[junit-platform-launcher-1.10.2.jar:1.10.2]
	at org.junit.platform.launcher.core.EngineExecutionOrchestrator.withInterceptedStreams(EngineExecutionOrchestrator.java:141) ~[junit-platform-launcher-1.10.2.jar:1.10.2]
	at org.junit.platform.launcher.core.EngineExecutionOrchestrator.execute(EngineExecutionOrchestrator.java:57) ~[junit-platform-launcher-1.10.2.jar:1.10.2]
	at org.junit.platform.launcher.core.DefaultLauncher.execute(DefaultLauncher.java:103) ~[junit-platform-launcher-1.10.2.jar:1.10.2]
	at org.junit.platform.launcher.core.DefaultLauncher.execute(DefaultLauncher.java:85) ~[junit-platform-launcher-1.10.2.jar:1.10.2]
	at org.junit.platform.launcher.core.DelegatingLauncher.execute(DelegatingLauncher.java:47) ~[junit-platform-launcher-1.10.2.jar:1.10.2]
	at org.apache.maven.surefire.junitplatform.LazyLauncher.execute(LazyLauncher.java:56) ~[surefire-junit-platform-3.1.2.jar:3.1.2]
	at org.apache.maven.surefire.junitplatform.JUnitPlatformProvider.execute(JUnitPlatformProvider.java:184) ~[surefire-junit-platform-3.1.2.jar:3.1.2]
	at org.apache.maven.surefire.junitplatform.JUnitPlatformProvider.invokeAllTests(JUnitPlatformProvider.java:148) ~[surefire-junit-platform-3.1.2.jar:3.1.2]
	at org.apache.maven.surefire.junitplatform.JUnitPlatformProvider.invoke(JUnitPlatformProvider.java:122) ~[surefire-junit-platform-3.1.2.jar:3.1.2]
	at org.apache.maven.surefire.booter.ForkedBooter.runSuitesInProcess(ForkedBooter.java:385) ~[surefire-booter-3.1.2.jar:3.1.2]
	at org.apache.maven.surefire.booter.ForkedBooter.execute(ForkedBooter.java:162) ~[surefire-booter-3.1.2.jar:3.1.2]
	at org.apache.maven.surefire.booter.ForkedBooter.run(ForkedBooter.java:507) ~[surefire-booter-3.1.2.jar:3.1.2]
	at org.apache.maven.surefire.booter.ForkedBooter.main(ForkedBooter.java:495) ~[surefire-booter-3.1.2.jar:3.1.2]

]]></system-out>
  </testcase>
  <testcase name="testGetAllUsersNotFound" classname="com.tasktracker.userservice.Controller.UserControllerImplTest" time="0.013"/>
  <testcase name="testCreateUserSuccess" classname="com.tasktracker.userservice.Controller.UserControllerImplTest" time="0.009"/>
  <testcase name="testFileUploadSuccess" classname="com.tasktracker.userservice.Controller.UserControllerImplTest" time="0.117"/>
  <testcase name="testGetUserByIdSuccess" classname="com.tasktracker.userservice.Controller.UserControllerImplTest" time="0.007"/>
  <testcase name="testVerifyOtpInvalidOtp" classname="com.tasktracker.userservice.Controller.UserControllerImplTest" time="0.013">
    <system-out><![CDATA[2024-05-31T15:44:43.317+05:30  INFO 13852 --- [UserService] [           main] c.t.u.Controller.UserControllerImpl      : usercontroller : verifyotp eamail : test@example.com otp : 123456 
]]></system-out>
  </testcase>
  <testcase name="testCreateUserNotFound" classname="com.tasktracker.userservice.Controller.UserControllerImplTest" time="0.014"/>
  <testcase name="testDeleteUserException" classname="com.tasktracker.userservice.Controller.UserControllerImplTest" time="0.011">
    <system-out><![CDATA[2024-05-31T15:44:43.359+05:30  INFO 13852 --- [UserService] [           main] c.t.u.Controller.UserControllerImpl      : Deleting User with id: 1
]]></system-out>
  </testcase>
  <testcase name="testGetUserByIdNotFound" classname="com.tasktracker.userservice.Controller.UserControllerImplTest" time="0.011"/>
  <testcase name="testSendEmailSuccess" classname="com.tasktracker.userservice.Controller.UserControllerImplTest" time="0.006">
    <system-out><![CDATA[2024-05-31T15:44:43.393+05:30  INFO 13852 --- [UserService] [           main] c.t.u.Controller.UserControllerImpl      : usercontroller : sendEmail test@example.com
]]></system-out>
  </testcase>
  <testcase name="testUpdateUserException" classname="com.tasktracker.userservice.Controller.UserControllerImplTest" time="0.005"/>
  <testcase name="testUpdateUser_Exception" classname="com.tasktracker.userservice.Controller.UserControllerImplTest" time="0.004"/>
  <testcase name="testDeleteUserInvalidId" classname="com.tasktracker.userservice.Controller.UserControllerImplTest" time="0.006">
    <system-out><![CDATA[2024-05-31T15:44:43.416+05:30  WARN 13852 --- [UserService] [           main] c.t.u.Controller.UserControllerImpl      : please enter the id
]]></system-out>
  </testcase>
</testsuite>